A51 MACRO ASSEMBLER  JB                                                                   03/14/2024 20:31:51 PAGE     1


MACRO ASSEMBLER A51 V8.2.7.0
OBJECT MODULE PLACED IN .\Objects\JB.obj
ASSEMBLER INVOKED BY: C:\Keil_v5\C51\BIN\A51.EXE JB.a51 SET(SMALL) DEBUG PRINT(.\Listings\JB.lst) OBJECT(.\Objects\JB.ob
                      j) EP

LOC  OBJ            LINE     SOURCE

0000                   1     ORG 0000h
0000 7403              2             MOV A,#03h
0002 20E005            3             JB Acc.0,LABEL
0005 75F005            4                     MOV B,#05h
0008 2404              5                     ADD A,#04h
000A 7434              6                     LABEL: MOV A,#34h
                       7                             END
A51 MACRO ASSEMBLER  JB                                                                   03/14/2024 20:31:51 PAGE     2

SYMBOL TABLE LISTING
------ ----- -------


N A M E             T Y P E  V A L U E   ATTRIBUTES

ACC. . . . . . . .  D ADDR   00E0H   A   
B. . . . . . . . .  D ADDR   00F0H   A   
LABEL. . . . . . .  C ADDR   000AH   A   


REGISTER BANK(S) USED: 0 


ASSEMBLY COMPLETE.  0 WARNING(S), 0 ERROR(S)
