A51 MACRO ASSEMBLER  JBC                                                                  04/14/2024 18:43:50 PAGE     1


MACRO ASSEMBLER A51 V8.2.7.0
OBJECT MODULE PLACED IN .\Objects\JBC.obj
ASSEMBLER INVOKED BY: C:\Keil_v5\C51\BIN\A51.EXE JBC.a51 SET(SMALL) DEBUG PRINT(.\Listings\JBC.lst) OBJECT(.\Objects\JBC
                      .obj) EP

LOC  OBJ            LINE     SOURCE

0000                   1     ORG 0000h
0000 7401              2             MOV A,#01h
0002 10E005            3             JBC Acc.0,LABEL
0005 75F005            4                     MOV B,#05h
0008 2404              5                     ADD A,#04h
000A 7434              6                     LABEL: MOV A,#34h
                       7                             END
A51 MACRO ASSEMBLER  JBC                                                                  04/14/2024 18:43:50 PAGE     2

SYMBOL TABLE LISTING
------ ----- -------


N A M E             T Y P E  V A L U E   ATTRIBUTES

ACC. . . . . . . .  D ADDR   00E0H   A   
B. . . . . . . . .  D ADDR   00F0H   A   
LABEL. . . . . . .  C ADDR   000AH   A   


REGISTER BANK(S) USED: 0 


ASSEMBLY COMPLETE.  0 WARNING(S), 0 ERROR(S)
