A51 MACRO ASSEMBLER  ADDC                                                                 02/25/2024 17:02:41 PAGE     1


MACRO ASSEMBLER A51 V8.2.7.0
OBJECT MODULE PLACED IN .\Objects\ADDC.obj
ASSEMBLER INVOKED BY: C:\Keil_v5\C51\BIN\A51.EXE ADDC.a51 SET(SMALL) DEBUG PRINT(.\Listings\ADDC.lst) OBJECT(.\Objects\A
                      DDC.obj) EP

LOC  OBJ            LINE     SOURCE

                       1     
0000                   2     ORG 0000h
0000 74F1              3             MOV A,#0F1h
0002 2481              4             ADD A,#81h
0004 F8                5             MOV R0,A
0005 7403              6             MOV A,#03h
0007 3411              7             ADDC A,#11h
                       8             END
A51 MACRO ASSEMBLER  ADDC                                                                 02/25/2024 17:02:41 PAGE     2

SYMBOL TABLE LISTING
------ ----- -------


N A M E             T Y P E  V A L U E   ATTRIBUTES



REGISTER BANK(S) USED: 0 


ASSEMBLY COMPLETE.  0 WARNING(S), 0 ERROR(S)
